#
# A fatal error has been detected by the Java Runtime Environment:
#
#  SIGBUS (0x7) at pc=0x00007f6d88a0ca30, pid=3105, tid=140108313528064
#
# JRE version: 7.0_06-b24
# Java VM: Java HotSpot(TM) 64-Bit Server VM (23.2-b09 mixed mode linux-amd64 compressed oops)
# Problematic frame:
# 
[error occurred during error reporting (printing problematic frame), id 0x7]

# Failed to write core dump. Core dumps have been disabled. To enable core dumping, try "ulimit -c unlimited" before starting Java again
#
# If you would like to submit a bug report, please visit:
#   http://bugreport.sun.com/bugreport/crash.jsp
#

---------------  T H R E A D  ---------------

Current thread is native thread

siginfo:si_signo=SIGBUS: si_errno=0, si_code=2 (BUS_ADRERR), si_addr=0x00007f6d88a0ca30

Registers:
RAX=0x0000000000000000, RBX=0x00007f6d8241fe40, RCX=0x00007f6d9e28e52d, RDX=0x0000000000000000
RSP=0x00007f6d8241fe30, RBP=0x00000000000001e8, RSI=0x00007f6d8241fe30, RDI=0x0000000000000000
R8 =0x00007f6d98293d70, R9 =0x0000000000000001, R10=0x0000000000000000, R11=0x0000000000000000
R12=0x0000000000000000, R13=0x00007f6d90065010, R14=0x0000000000000008, R15=0x00007f6d8241fe98
RIP=0x00007f6d88a0ca30, EFLAGS=0x0000000000010217, CSGSFS=0x0000000000000033, ERR=0x0000000000000014
  TRAPNO=0x000000000000000e

Top of Stack: (sp=0x00007f6d8241fe30)
0x00007f6d8241fe30:   00007f6d98294570 00007f6d88376f8e
0x00007f6d8241fe40:   0000000000000000 00000000000f4240
0x00007f6d8241fe50:   00007f6d90065010 00007f6d9828fef0
0x00007f6d8241fe60:   00000000000001e8 00007f6d88a1939b
0x00007f6d8241fe70:   0000000000000000 00007f6d8241fe90
0x00007f6d8241fe80:   0000000000002000 00000000000063d8
0x00007f6d8241fe90:   00007f6d4803f040 0000000000004000
0x00007f6d8241fea0:   0000000000000000 00007f6d98293f90
0x00007f6d8241feb0:   0000000000000000 00007f6d9e69b310
0x00007f6d8241fec0:   00007f6d824209c0 0000000000000000
0x00007f6d8241fed0:   0000000000000003 00007f6d88a0bd2a
0x00007f6d8241fee0:   0000000000000000 00007f6d9e286e9a
0x00007f6d8241fef0:   0000000000000000 00007f6d82420700
0x00007f6d8241ff00:   0000000000000000 0000000000000000
0x00007f6d8241ff10:   0000000000000000 0000000000000000
0x00007f6d8241ff20:   0000000000000000 0000000000000000
0x00007f6d8241ff30:   0000000000000000 0000000000000000
0x00007f6d8241ff40:   0000000000000000 0000000000000000
0x00007f6d8241ff50:   0000000000000000 0000000000000000
0x00007f6d8241ff60:   0000000000000000 0000000000000000
0x00007f6d8241ff70:   0000000000000000 0000000000000000
0x00007f6d8241ff80:   0000000000000000 d4622e628105dbe7
0x00007f6d8241ff90:   00007f6d9e69b310 00007f6d824209c0
0x00007f6d8241ffa0:   0000000000000000 0000000000000003
0x00007f6d8241ffb0:   2ab92ae17ce5dbe7 2ab912325dc5dbe7
0x00007f6d8241ffc0:   0000000000000000 0000000000000000
0x00007f6d8241ffd0:   0000000000000000 0000000000000000
0x00007f6d8241ffe0:   0000000000000000 0000000000000000
0x00007f6d8241fff0:   0000000000000000 00007f6d9db9a4bd
0x00007f6d82420000:   0000000000000000 0000000000000000
0x00007f6d82420010:   0000000000000000 0000000000000000
0x00007f6d82420020:   0000000000000000 0000000000000000 

Instructions: (pc=0x00007f6d88a0ca30)
0x00007f6d88a0ca10:   
[error occurred during error reporting (printing registers, top of stack, instructions near pc), id 0x7]

Register to memory mapping:

RAX=0x0000000000000000 is an unknown value
RBX=0x00007f6d8241fe40 is an unknown value
RCX=0x00007f6d9e28e52d: __nanosleep+0x2d in /lib/x86_64-linux-gnu/libpthread.so.0 at 0x00007f6d9e27f000
RDX=0x0000000000000000 is an unknown value
RSP=0x00007f6d8241fe30 is an unknown value
RBP=0x00000000000001e8 is an unknown value
RSI=0x00007f6d8241fe30 is an unknown value
RDI=0x0000000000000000 is an unknown value
R8 =0x00007f6d98293d70 is an unknown value
R9 =0x0000000000000001 is an unknown value
R10=0x0000000000000000 is an unknown value
R11=0x0000000000000000 is an unknown value
R12=0x0000000000000000 is an unknown value
R13=0x00007f6d90065010 is an unknown value
R14=0x0000000000000008 is an unknown value
R15=0x00007f6d8241fe98 is an unknown value


Stack: [0x00007f6d82320000,0x00007f6d82421000],  sp=0x00007f6d8241fe30,  free space=1023k
Native frames: (J=compiled Java code, j=interpreted, Vv=VM code, C=native code)

[error occurred during error reporting (printing native stack), id 0x7]


---------------  P R O C E S S  ---------------

VM state:not at safepoint (normal execution)

VM Mutex/Monitor currently owned by a thread: None

Heap
 PSYoungGen      total 17472K, used 7519K [0x00000000ec760000, 0x00000000edae0000, 0x0000000100000000)
  eden space 14976K, 50% used [0x00000000ec760000,0x00000000eceb7f40,0x00000000ed600000)
  from space 2496K, 0% used [0x00000000ed870000,0x00000000ed870000,0x00000000edae0000)
  to   space 2496K, 0% used [0x00000000ed600000,0x00000000ed600000,0x00000000ed870000)
 ParOldGen       total 40000K, used 0K [0x00000000c5600000, 0x00000000c7d10000, 0x00000000ec760000)
  object space 40000K, 0% used [0x00000000c5600000,0x00000000c5600000,0x00000000c7d10000)
 PSPermGen       total 21248K, used 6087K [0x00000000c0400000, 0x00000000c18c0000, 0x00000000c5600000)
  object space 21248K, 28% used [0x00000000c0400000,0x00000000c09f1c68,0x00000000c18c0000)

Card table byte_map: [0x00007f6d947cd000,0x00007f6d949cc000] byte_map_base: 0x00007f6d941cb000

Polling page: 0x00007f6d9e6bb000

Code Cache  [0x00007f6d949cc000, 0x00007f6d94c3c000, 0x00007f6d979cc000)
 total_blobs=369 nmethods=16 adapters=306 free_code_cache=48654Kb largest_free_block=49808960

Compilation events (10 events):
Event: 0.193 Thread 0x00007f6d980ed800   12             java.lang.Object::<init> (1 bytes)
Event: 0.194 Thread 0x00007f6d980ed800 nmethod 12 0x00007f6d94a33e10 code [0x00007f6d94a33f40, 0x00007f6d94a33fb8]
Event: 0.285 Thread 0x00007f6d980ea800   13             java.lang.Math::min (11 bytes)
Event: 0.286 Thread 0x00007f6d980ea800 nmethod 13 0x00007f6d94a48350 code [0x00007f6d94a48480, 0x00007f6d94a484b8]
Event: 0.312 Thread 0x00007f6d980ed800   14             java.lang.String::equals (81 bytes)
Event: 0.317 Thread 0x00007f6d980ed800 nmethod 14 0x00007f6d94a46950 code [0x00007f6d94a46aa0, 0x00007f6d94a46cf8]
Event: 0.345 Thread 0x00007f6d980ea800   15             java.lang.String::replace (127 bytes)
Event: 0.359 Thread 0x00007f6d980ea800 nmethod 15 0x00007f6d94a45d90 code [0x00007f6d94a45ee0, 0x00007f6d94a46338]
Event: 0.389 Thread 0x00007f6d980ed800   16             java.lang.AbstractStringBuilder::ensureCapacityInternal (16 bytes)
Event: 0.393 Thread 0x00007f6d980ed800 nmethod 16 0x00007f6d94a48610 code [0x00007f6d94a48760, 0x00007f6d94a489d8]

GC Heap History (0 events):
No events

Deoptimization events (0 events):
No events

Internal exceptions (10 events):
Event: 0.387 Thread 0x00007f6d982d3800 Threw 0x00000000ecdfa740 at /HUDSON/workspace/jdk7u6-2-build-linux-amd64-product/jdk7u6/hotspot/src/share/vm/prims/jvm.cpp:1166
Event: 0.388 Thread 0x00007f6d982d3800 Threw 0x00000000ece057b8 at /HUDSON/workspace/jdk7u6-2-build-linux-amd64-product/jdk7u6/hotspot/src/share/vm/prims/jvm.cpp:1166
Event: 0.390 Thread 0x00007f6d982d3800 Threw 0x00000000ece13288 at /HUDSON/workspace/jdk7u6-2-build-linux-amd64-product/jdk7u6/hotspot/src/share/vm/prims/jvm.cpp:1166
Event: 0.392 Thread 0x00007f6d982d3800 Threw 0x00000000ece1d750 at /HUDSON/workspace/jdk7u6-2-build-linux-amd64-product/jdk7u6/hotspot/src/share/vm/prims/jvm.cpp:1166
Event: 0.394 Thread 0x00007f6d982d3800 Threw 0x00000000ece295e0 at /HUDSON/workspace/jdk7u6-2-build-linux-amd64-product/jdk7u6/hotspot/src/share/vm/prims/jvm.cpp:1166
Event: 0.406 Thread 0x00007f6d982d3800 Threw 0x00000000ece3ce48 at /HUDSON/workspace/jdk7u6-2-build-linux-amd64-product/jdk7u6/hotspot/src/share/vm/prims/jvm.cpp:1166
Event: 0.408 Thread 0x00007f6d982d3800 Threw 0x00000000ece4db88 at /HUDSON/workspace/jdk7u6-2-build-linux-amd64-product/jdk7u6/hotspot/src/share/vm/prims/jvm.cpp:1166
Event: 0.410 Thread 0x00007f6d982d3800 Threw 0x00000000ece599a0 at /HUDSON/workspace/jdk7u6-2-build-linux-amd64-product/jdk7u6/hotspot/src/share/vm/prims/jvm.cpp:1166
Event: 0.411 Thread 0x00007f6d982d3800 Threw 0x00000000ece63550 at /HUDSON/workspace/jdk7u6-2-build-linux-amd64-product/jdk7u6/hotspot/src/share/vm/prims/jvm.cpp:1166
Event: 0.411 Thread 0x00007f6d982d3800 Threw 0x00000000ece636d8 at /HUDSON/workspace/jdk7u6-2-build-linux-amd64-product/jdk7u6/hotspot/src/share/vm/classfile/systemDictio

Events (10 events):
Event: 0.406 loading class 0x00007f6d38011c30
Event: 0.406 loading class 0x00007f6d38011c30 done
Event: 0.407 loading class 0x00007f6d980e1ed0
Event: 0.407 loading class 0x00007f6d980e1ed0 done
Event: 0.407 loading class 0x00007f6d980700b0
Event: 0.407 loading class 0x00007f6d980700b0 done
Event: 0.408 loading class 0x00007f6d38018910
Event: 0.408 loading class 0x00007f6d38018910 done
Event: 0.410 loading class 0x00007f6d3801d840
Event: 0.410 loading class 0x00007f6d3801d840 done


Dynamic libraries:
00400000-00401000 r-xp 00000000 08:08 1459547                            /usr/lib/jvm/java-7-oracle/bin/java
00600000-00601000 rw-p 00000000 08:08 1459547                            /usr/lib/jvm/java-7-oracle/bin/java
017d9000-017fa000 rw-p 00000000 00:00 0                                  [heap]
c0400000-c18c0000 rw-p 00000000 00:00 0 
c18c0000-c5600000 rw-p 00000000 00:00 0 
c5600000-c7d10000 rw-p 00000000 00:00 0 
c7d10000-ec760000 rw-p 00000000 00:00 0 
ec760000-edae0000 rw-p 00000000 00:00 0 
edae0000-100000000 rw-p 00000000 00:00 0 
7f6d38000000-7f6d38034000 rw-p 00000000 00:00 0 
7f6d38034000-7f6d3c000000 ---p 00000000 00:00 0 
7f6d3c000000-7f6d3c021000 rw-p 00000000 00:00 0 
7f6d3c021000-7f6d40000000 ---p 00000000 00:00 0 
7f6d40000000-7f6d40021000 rw-p 00000000 00:00 0 
7f6d40021000-7f6d44000000 ---p 00000000 00:00 0 
7f6d47fff000-7f6d4c000000 rw-s 00000000 00:12 82267                      /run/shm/pulse-shm-825593192
7f6d4c000000-7f6d4c021000 rw-p 00000000 00:00 0 
7f6d4c021000-7f6d50000000 ---p 00000000 00:00 0 
7f6d50000000-7f6d50021000 rw-p 00000000 00:00 0 
7f6d50021000-7f6d54000000 ---p 00000000 00:00 0 
7f6d54000000-7f6d54021000 rw-p 00000000 00:00 0 
7f6d54021000-7f6d58000000 ---p 00000000 00:00 0 
7f6d58000000-7f6d58021000 rw-p 00000000 00:00 0 
7f6d58021000-7f6d5c000000 ---p 00000000 00:00 0 
7f6d5c000000-7f6d5c092000 rw-p 00000000 00:00 0 
7f6d5c092000-7f6d60000000 ---p 00000000 00:00 0 
7f6d60000000-7f6d60021000 rw-p 00000000 00:00 0 
7f6d60021000-7f6d64000000 ---p 00000000 00:00 0 
7f6d64000000-7f6d64021000 rw-p 00000000 00:00 0 
7f6d64021000-7f6d68000000 ---p 00000000 00:00 0 
7f6d68000000-7f6d68187000 rw-p 00000000 00:00 0 
7f6d68187000-7f6d6c000000 ---p 00000000 00:00 0 
7f6d6c000000-7f6d6c021000 rw-p 00000000 00:00 0 
7f6d6c021000-7f6d70000000 ---p 00000000 00:00 0 
7f6d70000000-7f6d70021000 rw-p 00000000 00:00 0 
7f6d70021000-7f6d74000000 ---p 00000000 00:00 0 
7f6d74000000-7f6d74021000 rw-p 00000000 00:00 0 
7f6d74021000-7f6d78000000 ---p 00000000 00:00 0 
7f6d78000000-7f6d78021000 rw-p 00000000 00:00 0 
7f6d78021000-7f6d7c000000 ---p 00000000 00:00 0 
7f6d7c000000-7f6d7c021000 rw-p 00000000 00:00 0 
7f6d7c021000-7f6d80000000 ---p 00000000 00:00 0 
7f6d81573000-7f6d8157d000 r-xp 00000000 08:08 1055186                    /usr/lib/x86_64-linux-gnu/libdrm.so.2.4.0
7f6d8157d000-7f6d8177c000 ---p 0000a000 08:08 1055186                    /usr/lib/x86_64-linux-gnu/libdrm.so.2.4.0
7f6d8177c000-7f6d8177d000 r--p 00009000 08:08 1055186                    /usr/lib/x86_64-linux-gnu/libdrm.so.2.4.0
7f6d8177d000-7f6d8177e000 rw-p 0000a000 08:08 1055186                    /usr/lib/x86_64-linux-gnu/libdrm.so.2.4.0
7f6d8177e000-7f6d81793000 r-xp 00000000 08:08 1055612                    /usr/lib/x86_64-linux-gnu/libxcb-glx.so.0.0.0
7f6d81793000-7f6d81992000 ---p 00015000 08:08 1055612                    /usr/lib/x86_64-linux-gnu/libxcb-glx.so.0.0.0
7f6d81992000-7f6d81994000 r--p 00014000 08:08 1055612                    /usr/lib/x86_64-linux-gnu/libxcb-glx.so.0.0.0
7f6d81994000-7f6d81995000 rw-p 00016000 08:08 1055612                    /usr/lib/x86_64-linux-gnu/libxcb-glx.so.0.0.0
7f6d81995000-7f6d81996000 r-xp 00000000 08:08 1055042                    /usr/lib/x86_64-linux-gnu/libX11-xcb.so.1.0.0
7f6d81996000-7f6d81b95000 ---p 00001000 08:08 1055042                    /usr/lib/x86_64-linux-gnu/libX11-xcb.so.1.0.0
7f6d81b95000-7f6d81b96000 r--p 00000000 08:08 1055042                    /usr/lib/x86_64-linux-gnu/libX11-xcb.so.1.0.0
7f6d81b96000-7f6d81b97000 rw-p 00001000 08:08 1055042                    /usr/lib/x86_64-linux-gnu/libX11-xcb.so.1.0.0
7f6d81b97000-7f6d81b99000 r-xp 00000000 08:08 1055055                    /usr/lib/x86_64-linux-gnu/libXdamage.so.1.1.0
7f6d81b99000-7f6d81d98000 ---p 00002000 08:08 1055055                    /usr/lib/x86_64-linux-gnu/libXdamage.so.1.1.0
7f6d81d98000-7f6d81d99000 r--p 00001000 08:08 1055055                    /usr/lib/x86_64-linux-gnu/libXdamage.so.1.1.0
7f6d81d99000-7f6d81d9a000 rw-p 00002000 08:08 1055055                    /usr/lib/x86_64-linux-gnu/libXdamage.so.1.1.0
7f6d81d9a000-7f6d81dbb000 r-xp 00000000 08:08 1048788                    /usr/lib/x86_64-linux-gnu/libglapi.so.0.0.0
7f6d81dbb000-7f6d81fba000 ---p 00021000 08:08 1048788                    /usr/lib/x86_64-linux-gnu/libglapi.so.0.0.0
7f6d81fba000-7f6d81fbd000 r--p 00020000 08:08 1048788                    /usr/lib/x86_64-linux-gnu/libglapi.so.0.0.0
7f6d81fbd000-7f6d81fbe000 rw-p 00023000 08:08 1048788                    /usr/lib/x86_64-linux-gnu/libglapi.so.0.0.0
7f6d81fbe000-7f6d81fbf000 rw-p 00000000 00:00 0 
7f6d81fbf000-7f6d8201c000 r-xp 00000000 08:08 1188988                    /usr/lib/x86_64-linux-gnu/mesa/libGL.so.1.2
7f6d8201c000-7f6d8221b000 ---p 0005d000 08:08 1188988                    /usr/lib/x86_64-linux-gnu/mesa/libGL.so.1.2
7f6d8221b000-7f6d8221d000 r--p 0005c000 08:08 1188988                    /usr/lib/x86_64-linux-gnu/mesa/libGL.so.1.2
7f6d8221d000-7f6d8221e000 rw-p 0005e000 08:08 1188988                    /usr/lib/x86_64-linux-gnu/mesa/libGL.so.1.2
7f6d8221e000-7f6d8221f000 rw-p 00000000 00:00 0 
7f6d8221f000-7f6d82222000 ---p 00000000 00:00 0 
7f6d82222000-7f6d82320000 rw-p 00000000 00:00 0 
7f6d82320000-7f6d82321000 ---p 00000000 00:00 0 
7f6d82321000-7f6d82421000 rw-p 00000000 00:00 0 
7f6d82421000-7f6d82422000 ---p 00000000 00:00 0 
7f6d82422000-7f6d82c22000 rw-p 00000000 00:00 0 
7f6d82c22000-7f6d82c3a000 r-xp 00000000 08:08 5377725                    /lib/x86_64-linux-gnu/libresolv-2.15.so
7f6d82c3a000-7f6d82e3a000 ---p 00018000 08:08 5377725                    /lib/x86_64-linux-gnu/libresolv-2.15.so
7f6d82e3a000-7f6d82e3b000 r--p 00018000 08:08 5377725                    /lib/x86_64-linux-gnu/libresolv-2.15.so
7f6d82e3b000-7f6d82e3c000 rw-p 00019000 08:08 5377725                    /lib/x86_64-linux-gnu/libresolv-2.15.so
7f6d82e3c000-7f6d82e3e000 rw-p 00000000 00:00 0 
7f6d82e3e000-7f6d82e44000 r-xp 00000000 08:08 1055435                    /usr/lib/x86_64-linux-gnu/libogg.so.0.7.1
7f6d82e44000-7f6d83043000 ---p 00006000 08:08 1055435                    /usr/lib/x86_64-linux-gnu/libogg.so.0.7.1
7f6d83043000-7f6d83044000 r--p 00005000 08:08 1055435                    /usr/lib/x86_64-linux-gnu/libogg.so.0.7.1
7f6d83044000-7f6d83045000 rw-p 00006000 08:08 1055435                    /usr/lib/x86_64-linux-gnu/libogg.so.0.7.1
7f6d83045000-7f6d83070000 r-xp 00000000 08:08 1055591                    /usr/lib/x86_64-linux-gnu/libvorbis.so.0.4.5
7f6d83070000-7f6d8326f000 ---p 0002b000 08:08 1055591                    /usr/lib/x86_64-linux-gnu/libvorbis.so.0.4.5
7f6d8326f000-7f6d83270000 r--p 0002a000 08:08 1055591                    /usr/lib/x86_64-linux-gnu/libvorbis.so.0.4.5
7f6d83270000-7f6d83271000 rw-p 0002b000 08:08 1055591                    /usr/lib/x86_64-linux-gnu/libvorbis.so.0.4.5
7f6d83271000-7f6d83524000 r-xp 00000000 08:08 1055593                    /usr/lib/x86_64-linux-gnu/libvorbisenc.so.2.0.8
7f6d83524000-7f6d83723000 ---p 002b3000 08:08 1055593                    /usr/lib/x86_64-linux-gnu/libvorbisenc.so.2.0.8
7f6d83723000-7f6d8373f000 r--p 002b2000 08:08 1055593                    /usr/lib/x86_64-linux-gnu/libvorbisenc.so.2.0.8
7f6d8373f000-7f6d83740000 rw-p 002ce000 08:08 1055593                    /usr/lib/x86_64-linux-gnu/libvorbisenc.so.2.0.8
7f6d83740000-7f6d83788000 r-xp 00000000 08:08 1055033                    /usr/lib/x86_64-linux-gnu/libFLAC.so.8.2.0
7f6d83788000-7f6d83988000 ---p 00048000 08:08 1055033                    /usr/lib/x86_64-linux-gnu/libFLAC.so.8.2.0
7f6d83988000-7f6d83989000 r--p 00048000 08:08 1055033                    /usr/lib/x86_64-linux-gnu/libFLAC.so.8.2.0
7f6d83989000-7f6d8398a000 rw-p 00049000 08:08 1055033                    /usr/lib/x86_64-linux-gnu/libFLAC.so.8.2.0
7f6d8398a000-7f6d8398f000 r-xp 00000000 08:08 1055108                    /usr/lib/x86_64-linux-gnu/libasyncns.so.0.3.1
7f6d8398f000-7f6d83b8e000 ---p 00005000 08:08 1055108                    /usr/lib/x86_64-linux-gnu/libasyncns.so.0.3.1
7f6d83b8e000-7f6d83b8f000 r--p 00004000 08:08 1055108                    /usr/lib/x86_64-linux-gnu/libasyncns.so.0.3.1
7f6d83b8f000-7f6d83b90000 rw-p 00005000 08:08 1055108                    /usr/lib/x86_64-linux-gnu/libasyncns.so.0.3.1
7f6d83b90000-7f6d83bf0000 r-xp 00000000 08:08 1055528                    /usr/lib/x86_64-linux-gnu/libsndfile.so.1.0.25
7f6d83bf0000-7f6d83df0000 ---p 00060000 08:08 1055528                    /usr/lib/x86_64-linux-gnu/libsndfile.so.1.0.25
7f6d83df0000-7f6d83df2000 r--p 00060000 08:08 1055528                    /usr/lib/x86_64-linux-gnu/libsndfile.so.1.0.25
7f6d83df2000-7f6d83df3000 rw-p 00062000 08:08 1055528                    /usr/lib/x86_64-linux-gnu/libsndfile.so.1.0.25
7f6d83df3000-7f6d83df7000 rw-p 00000000 00:00 0 
7f6d83df7000-7f6d83dff000 r-xp 00000000 08:08 5377750                    /lib/x86_64-linux-gnu/libwrap.so.0.7.6
7f6d83dff000-7f6d83ffe000 ---p 00008000 08:08 5377750                    /lib/x86_64-linux-gnu/libwrap.so.0.7.6
7f6d83ffe000-7f6d83fff000 r--p 00007000 08:08 5377750                    /lib/x86_64-linux-gnu/libwrap.so.0.7.6
7f6d83fff000-7f6d84000000 rw-p 00008000 08:08 5377750                    /lib/x86_64-linux-gnu/libwrap.so.0.7.6
7f6d84000000-7f6d84021000 rw-p 00000000 00:00 0 
7f6d84021000-7f6d88000000 ---p 00000000 00:00 0 
7f6d880f4000-7f6d88136000 r-xp 00000000 08:08 5377653                    /lib/x86_64-linux-gnu/libdbus-1.so.3.5.8
7f6d88136000-7f6d88336000 ---p 00042000 08:08 5377653                    /lib/x86_64-linux-gnu/libdbus-1.so.3.5.8
7f6d88336000-7f6d88337000 r--p 00042000 08:08 5377653                    /lib/x86_64-linux-gnu/libdbus-1.so.3.5.8
7f6d88337000-7f6d88338000 rw-p 00043000 08:08 5377653                    /lib/x86_64-linux-gnu/libdbus-1.so.3.5.8
7f6d88338000-7f6d88394000 r-xp 00000000 08:08 1055330                    /usr/lib/x86_64-linux-gnu/libpulsecommon-1.1.so
7f6d88394000-7f6d88594000 ---p 0005c000 08:08 1055330                    /usr/lib/x86_64-linux-gnu/libpulsecommon-1.1.so
7f6d88594000-7f6d88595000 r--p 0005c000 08:08 1055330                    /usr/lib/x86_64-linux-gnu/libpulsecommon-1.1.so
7f6d88595000-7f6d88596000 rw-p 0005d000 08:08 1055330                    /usr/lib/x86_64-linux-gnu/libpulsecommon-1.1.so
7f6d88596000-7f6d8859d000 r-xp 00000000 08:08 1055370                    /usr/lib/x86_64-linux-gnu/libjson.so.0.0.1
7f6d8859d000-7f6d8879c000 ---p 00007000 08:08 1055370                    /usr/lib/x86_64-linux-gnu/libjson.so.0.0.1
7f6d8879c000-7f6d8879d000 r--p 00006000 08:08 1055370                    /usr/lib/x86_64-linux-gnu/libjson.so.0.0.1
7f6d8879d000-7f6d8879e000 rw-p 00007000 08:08 1055370                    /usr/lib/x86_64-linux-gnu/libjson.so.0.0.1
7f6d8879e000-7f6d887e4000 r-xp 00000000 08:08 1057213                    /usr/lib/x86_64-linux-gnu/libpulse.so.0.13.5
7f6d887e4000-7f6d889e4000 ---p 00046000 08:08 1057213                    /usr/lib/x86_64-linux-gnu/libpulse.so.0.13.5
7f6d889e4000-7f6d889e5000 r--p 00046000 08:08 1057213                    /usr/lib/x86_64-linux-gnu/libpulse.so.0.13.5
7f6d889e5000-7f6d889e6000 rw-p 00047000 08:08 1057213                    /usr/lib/x86_64-linux-gnu/libpulse.so.0.13.5
7f6d889e6000-7f6d88a38000 r-xp 00000000 08:08 2762463                    /tmp/libgdxtrung/817910608/libopenal64.so
7f6d88a38000-7f6d88c37000 ---p 00052000 08:08 2762463                    /tmp/libgdxtrung/817910608/libopenal64.so
7f6d88c37000-7f6d88c39000 r--p 00051000 08:08 2762463                    /tmp/libgdxtrung/817910608/libopenal64.so
7f6d88c39000-7f6d88c3a000 rw-p 00053000 08:08 2762463                    /tmp/libgdxtrung/817910608/libopenal64.so
7f6d88c3a000-7f6d88c3b000 rw-p 00000000 00:00 0 
7f6d88c3b000-7f6d88c3f000 r-xp 00000000 08:08 1055089                    /usr/lib/x86_64-linux-gnu/libXxf86vm.so.1.0.0
7f6d88c3f000-7f6d88e3e000 ---p 00004000 08:08 1055089                    /usr/lib/x86_64-linux-gnu/libXxf86vm.so.1.0.0
7f6d88e3e000-7f6d88e3f000 r--p 00003000 08:08 1055089                    /usr/lib/x86_64-linux-gnu/libXxf86vm.so.1.0.0
7f6d88e3f000-7f6d88e40000 rw-p 00004000 08:08 1055089                    /usr/lib/x86_64-linux-gnu/libXxf86vm.so.1.0.0
7f6d88e40000-7f6d88e48000 r-xp 00000000 08:08 1055077                    /usr/lib/x86_64-linux-gnu/libXrandr.so.2.2.0
7f6d88e48000-7f6d89047000 ---p 00008000 08:08 1055077                    /usr/lib/x86_64-linux-gnu/libXrandr.so.2.2.0
7f6d89047000-7f6d89048000 r--p 00007000 08:08 1055077                    /usr/lib/x86_64-linux-gnu/libXrandr.so.2.2.0
7f6d89048000-7f6d89049000 rw-p 00008000 08:08 1055077                    /usr/lib/x86_64-linux-gnu/libXrandr.so.2.2.0
7f6d89049000-7f6d890b1000 r-xp 00000000 08:08 2762464                    /tmp/libgdxtrung/817910608/liblwjgl64.so
7f6d890b1000-7f6d892b1000 ---p 00068000 08:08 2762464                    /tmp/libgdxtrung/817910608/liblwjgl64.so
7f6d892b1000-7f6d892b3000 r--p 00068000 08:08 2762464                    /tmp/libgdxtrung/817910608/liblwjgl64.so
7f6d892b3000-7f6d892b4000 rw-p 0006a000 08:08 2762464                    /tmp/libgdxtrung/817910608/liblwjgl64.so
7f6d892b4000-7f6d892b5000 r-xp 00000000 08:08 1452136                    /usr/lib/jvm/java-7-oracle/jre/lib/amd64/libjawt.so
7f6d892b5000-7f6d894b4000 ---p 00001000 08:08 1452136                    /usr/lib/jvm/java-7-oracle/jre/lib/amd64/libjawt.so
7f6d894b4000-7f6d894b5000 rw-p 00000000 08:08 1452136                    /usr/lib/jvm/java-7-oracle/jre/lib/amd64/libjawt.so
7f6d894b5000-7f6d894b8000 ---p 00000000 00:00 0 
7f6d894b8000-7f6d895b6000 rw-p 00000000 00:00 0 
7f6d895b6000-7f6d895bb000 r-xp 00000000 08:08 1055061                    /usr/lib/x86_64-linux-gnu/libXfixes.so.3.1.0
7f6d895bb000-7f6d897ba000 ---p 00005000 08:08 1055061                    /usr/lib/x86_64-linux-gnu/libXfixes.so.3.1.0
7f6d897ba000-7f6d897bb000 r--p 00004000 08:08 1055061                    /usr/lib/x86_64-linux-gnu/libXfixes.so.3.1.0
7f6d897bb000-7f6d897bc000 rw-p 00005000 08:08 1055061                    /usr/lib/x86_64-linux-gnu/libXfixes.so.3.1.0
7f6d897bc000-7f6d897c5000 r-xp 00000000 08:08 1055053                    /usr/lib/x86_64-linux-gnu/libXcursor.so.1.0.2
7f6d897c5000-7f6d899c4000 ---p 00009000 08:08 1055053                    /usr/lib/x86_64-linux-gnu/libXcursor.so.1.0.2
7f6d899c4000-7f6d899c5000 r--p 00008000 08:08 1055053                    /usr/lib/x86_64-linux-gnu/libXcursor.so.1.0.2
7f6d899c5000-7f6d899c6000 rw-p 00009000 08:08 1055053                    /usr/lib/x86_64-linux-gnu/libXcursor.so.1.0.2
7f6d899c6000-7f6d899cb000 r-xp 00000000 08:08 1055057                    /usr/lib/x86_64-linux-gnu/libXdmcp.so.6.0.0
7f6d899cb000-7f6d89bca000 ---p 00005000 08:08 1055057                    /usr/lib/x86_64-linux-gnu/libXdmcp.so.6.0.0
7f6d89bca000-7f6d89bcb000 r--p 00004000 08:08 1055057                    /usr/lib/x86_64-linux-gnu/libXdmcp.so.6.0.0
7f6d89bcb000-7f6d89bcc000 rw-p 00005000 08:08 1055057                    /usr/lib/x86_64-linux-gnu/libXdmcp.so.6.0.0
7f6d89bcc000-7f6d89bce000 r-xp 00000000 08:08 1055046                    /usr/lib/x86_64-linux-gnu/libXau.so.6.0.0
7f6d89bce000-7f6d89dcd000 ---p 00002000 08:08 1055046                    /usr/lib/x86_64-linux-gnu/libXau.so.6.0.0
7f6d89dcd000-7f6d89dce000 r--p 00001000 08:08 1055046                    /usr/lib/x86_64-linux-gnu/libXau.so.6.0.0
7f6d89dce000-7f6d89dcf000 rw-p 00002000 08:08 1055046                    /usr/lib/x86_64-linux-gnu/libXau.so.6.0.0
7f6d89dcf000-7f6d89dec000 r-xp 00000000 08:08 1055622                    /usr/lib/x86_64-linux-gnu/libxcb.so.1.1.0
7f6d89dec000-7f6d89feb000 ---p 0001d000 08:08 1055622                    /usr/lib/x86_64-linux-gnu/libxcb.so.1.1.0
7f6d89feb000-7f6d89fec000 r--p 0001c000 08:08 1055622                    /usr/lib/x86_64-linux-gnu/libxcb.so.1.1.0
7f6d89fec000-7f6d89fed000 rw-p 0001d000 08:08 1055622                    /usr/lib/x86_64-linux-gnu/libxcb.so.1.1.0
7f6d89fed000-7f6d89ffb000 r-xp 00000000 08:08 1055065                    /usr/lib/x86_64-linux-gnu/libXi.so.6.1.0
7f6d89ffb000-7f6d8a1fa000 ---p 0000e000 08:08 1055065                    /usr/lib/x86_64-linux-gnu/libXi.so.6.1.0
7f6d8a1fa000-7f6d8a1fb000 r--p 0000d000 08:08 1055065                    /usr/lib/x86_64-linux-gnu/libXi.so.6.1.0
7f6d8a1fb000-7f6d8a1fc000 rw-p 0000e000 08:08 1055065                    /usr/lib/x86_64-linux-gnu/libXi.so.6.1.0
7f6d8a1fc000-7f6d8a201000 r-xp 00000000 08:08 1055085                    /usr/lib/x86_64-linux-gnu/libXtst.so.6.1.0
7f6d8a201000-7f6d8a400000 ---p 00005000 08:08 1055085                    /usr/lib/x86_64-linux-gnu/libXtst.so.6.1.0
7f6d8a400000-7f6d8a401000 r--p 00004000 08:08 1055085                    /usr/lib/x86_64-linux-gnu/libXtst.so.6.1.0
7f6d8a401000-7f6d8a402000 rw-p 00005000 08:08 1055085                    /usr/lib/x86_64-linux-gnu/libXtst.so.6.1.0
7f6d8a402000-7f6d8a40b000 r-xp 00000000 08:08 1055079                    /usr/lib/x86_64-linux-gnu/libXrender.so.1.3.0
7f6d8a40b000-7f6d8a60a000 ---p 00009000 08:08 1055079                    /usr/lib/x86_64-linux-gnu/libXrender.so.1.3.0
7f6d8a60a000-7f6d8a60b000 r--p 00008000 08:08 1055079                    /usr/lib/x86_64-linux-gnu/libXrender.so.1.3.0
7f6d8a60b000-7f6d8a60c000 rw-p 00009000 08:08 1055079                    /usr/lib/x86_64-linux-gnu/libXrender.so.1.3.0
7f6d8a60c000-7f6d8a73b000 r-xp 00000000 08:08 1055044                    /usr/lib/x86_64-linux-gnu/libX11.so.6.3.0
7f6d8a73b000-7f6d8a93b000 ---p 0012f000 08:08 1055044                    /usr/lib/x86_64-linux-gnu/libX11.so.6.3.0
7f6d8a93b000-7f6d8a93c000 r--p 0012f000 08:08 1055044                    /usr/lib/x86_64-linux-gnu/libX11.so.6.3.0
7f6d8a93c000-7f6d8a940000 rw-p 00130000 08:08 1055044                    /usr/lib/x86_64-linux-gnu/libX11.so.6.3.0
7f6d8a940000-7f6d8a950000 r-xp 00000000 08:08 1055059                    /usr/lib/x86_64-linux-gnu/libXext.so.6.4.0
7f6d8a950000-7f6d8ab4f000 ---p 00010000 08:08 1055059                    /usr/lib/x86_64-linux-gnu/libXext.so.6.4.0
7f6d8ab4f000-7f6d8ab50000 r--p 0000f000 08:08 1055059                    /usr/lib/x86_64-linux-gnu/libXext.so.6.4.0
7f6d8ab50000-7f6d8ab51000 rw-p 00010000 08:08 1055059                    /usr/lib/x86_64-linux-gnu/libXext.so.6.4.0
7f6d8ab51000-7f6d8aba1000 r-xp 00000000 08:08 1452110                    /usr/lib/jvm/java-7-oracle/jre/lib/amd64/xawt/libmawt.so
7f6d8aba1000-7f6d8ada1000 ---p 00050000 08:08 1452110                    /usr/lib/jvm/java-7-oracle/jre/lib/amd64/xawt/libmawt.so
7f6d8ada1000-7f6d8ada5000 rw-p 00050000 08:08 1452110                    /usr/lib/jvm/java-7-oracle/jre/lib/amd64/xawt/libmawt.so
7f6d8ada5000-7f6d8ada6000 rw-p 00000000 00:00 0 
7f6d8ada6000-7f6d8ae48000 r-xp 00000000 08:08 1452081                    /usr/lib/jvm/java-7-oracle/jre/lib/amd64/libawt.so
7f6d8ae48000-7f6d8b048000 ---p 000a2000 08:08 1452081                    /usr/lib/jvm/java-7-oracle/jre/lib/amd64/libawt.so
7f6d8b048000-7f6d8b054000 rw-p 000a2000 08:08 1452081                    /usr/lib/jvm/java-7-oracle/jre/lib/amd64/libawt.so
7f6d8b054000-7f6d8b078000 rw-p 00000000 00:00 0 
7f6d8b078000-7f6d8b08d000 r-xp 00000000 08:08 5377662                    /lib/x86_64-linux-gnu/libgcc_s.so.1
7f6d8b08d000-7f6d8b28c000 ---p 00015000 08:08 5377662                    /lib/x86_64-linux-gnu/libgcc_s.so.1
7f6d8b28c000-7f6d8b28d000 r--p 00014000 08:08 5377662                    /lib/x86_64-linux-gnu/libgcc_s.so.1
7f6d8b28d000-7f6d8b28e000 rw-p 00015000 08:08 5377662                    /lib/x86_64-linux-gnu/libgcc_s.so.1
7f6d8b28e000-7f6d8b370000 r-xp 00000000 08:08 1055546                    /usr/lib/x86_64-linux-gnu/libstdc++.so.6.0.16
7f6d8b370000-7f6d8b56f000 ---p 000e2000 08:08 1055546                    /usr/lib/x86_64-linux-gnu/libstdc++.so.6.0.16
7f6d8b56f000-7f6d8b577000 r--p 000e1000 08:08 1055546                    /usr/lib/x86_64-linux-gnu/libstdc++.so.6.0.16
7f6d8b577000-7f6d8b579000 rw-p 000e9000 08:08 1055546                    /usr/lib/x86_64-linux-gnu/libstdc++.so.6.0.16
7f6d8b579000-7f6d8b58e000 rw-p 00000000 00:00 0 
7f6d8b58e000-7f6d8b605000 r-xp 00000000 08:08 2762462                    /tmp/libgdxtrung/817910608/libgdx64.so
7f6d8b605000-7f6d8b804000 ---p 00077000 08:08 2762462                    /tmp/libgdxtrung/817910608/libgdx64.so
7f6d8b804000-7f6d8b806000 r--p 00076000 08:08 2762462                    /tmp/libgdxtrung/817910608/libgdx64.so
7f6d8b806000-7f6d8b807000 rw-p 00078000 08:08 2762462                    /tmp/libgdxtrung/817910608/libgdx64.so
7f6d8b807000-7f6d8c000000 rw-p 00000000 00:00 0 
7f6d8c000000-7f6d8c021000 rw-p 00000000 00:00 0 
7f6d8c021000-7f6d90000000 ---p 00000000 00:00 0 
7f6d9003d000-7f6d90040000 ---p 00000000 00:00 0 
7f6d90040000-7f6d9008e000 rw-p 00000000 00:00 0 
7f6d9008e000-7f6d90091000 ---p 00000000 00:00 0 
7f6d90091000-7f6d9018f000 rw-p 00000000 00:00 0 
7f6d9018f000-7f6d90190000 ---p 00000000 00:00 0 
7f6d90190000-7f6d90290000 rw-p 00000000 00:00 0 
7f6d90290000-7f6d90293000 ---p 00000000 00:00 0 
7f6d90293000-7f6d90391000 rw-p 00000000 00:00 0 
7f6d90391000-7f6d90394000 ---p 00000000 00:00 0 
7f6d90394000-7f6d90492000 rw-p 00000000 00:00 0 
7f6d90492000-7f6d90495000 ---p 00000000 00:00 0 
7f6d90495000-7f6d90593000 rw-p 00000000 00:00 0 
7f6d90593000-7f6d90596000 ---p 00000000 00:00 0 
7f6d90596000-7f6d90694000 rw-p 00000000 00:00 0 
7f6d90694000-7f6d90d7d000 r--p 00000000 08:08 1053366                    /usr/lib/locale/locale-archive
7f6d90d7d000-7f6d90d80000 ---p 00000000 00:00 0 
7f6d90d80000-7f6d90e7e000 rw-p 00000000 00:00 0 
7f6d90e7e000-7f6d90e81000 ---p 00000000 00:00 0 
7f6d90e81000-7f6d90f7f000 rw-p 00000000 00:00 0 
7f6d90f7f000-7f6d90f80000 ---p 00000000 00:00 0 
7f6d90f80000-7f6d920a4000 rw-p 00000000 00:00 0 
7f6d920a4000-7f6d9225f000 r--s 039d0000 08:08 1452051                    /usr/lib/jvm/java-7-oracle/jre/lib/rt.jar
7f6d9225f000-7f6d94267000 rw-p 00000000 00:00 0 
7f6d94267000-7f6d94268000 ---p 00000000 00:00 0 
7f6d94268000-7f6d94368000 rw-p 00000000 00:00 0 
7f6d94368000-7f6d94369000 ---p 00000000 00:00 0 
7f6d94369000-7f6d94469000 rw-p 00000000 00:00 0 
7f6d94469000-7f6d9446a000 ---p 00000000 00:00 0 
7f6d9446a000-7f6d9456a000 rw-p 00000000 00:00 0 
7f6d9456a000-7f6d9456b000 ---p 00000000 00:00 0 
7f6d9456b000-7f6d94676000 rw-p 00000000 00:00 0 
7f6d94676000-7f6d94694000 rw-p 00000000 00:00 0 
7f6d94694000-7f6d946a8000 rw-p 00000000 00:00 0 
7f6d946a8000-7f6d947cd000 rw-p 00000000 00:00 0 
7f6d947cd000-7f6d947d8000 rw-p 00000000 00:00 0 
7f6d947d8000-7f6d947f6000 rw-p 00000000 00:00 0 
7f6d947f6000-7f6d9480a000 rw-p 00000000 00:00 0 
7f6d9480a000-7f6d9492e000 rw-p 00000000 00:00 0 
7f6d9492e000-7f6d94939000 rw-p 00000000 00:00 0 
7f6d94939000-7f6d949cb000 rw-p 00000000 00:00 0 
7f6d949cb000-7f6d949cc000 rw-p 00000000 00:00 0 
7f6d949cc000-7f6d94c3c000 rwxp 00000000 00:00 0 
7f6d94c3c000-7f6d979cc000 rw-p 00000000 00:00 0 
7f6d979cc000-7f6d979e6000 r-xp 00000000 08:08 1452149                    /usr/lib/jvm/java-7-oracle/jre/lib/amd64/libzip.so
7f6d979e6000-7f6d97be6000 ---p 0001a000 08:08 1452149                    /usr/lib/jvm/java-7-oracle/jre/lib/amd64/libzip.so
7f6d97be6000-7f6d97be7000 rw-p 0001a000 08:08 1452149                    /usr/lib/jvm/java-7-oracle/jre/lib/amd64/libzip.so
7f6d97be7000-7f6d97bf3000 r-xp 00000000 08:08 5377692                    /lib/x86_64-linux-gnu/libnss_files-2.15.so
7f6d97bf3000-7f6d97df2000 ---p 0000c000 08:08 5377692                    /lib/x86_64-linux-gnu/libnss_files-2.15.so
7f6d97df2000-7f6d97df3000 r--p 0000b000 08:08 5377692                    /lib/x86_64-linux-gnu/libnss_files-2.15.so
7f6d97df3000-7f6d97df4000 rw-p 0000c000 08:08 5377692                    /lib/x86_64-linux-gnu/libnss_files-2.15.so
7f6d97df4000-7f6d97dfe000 r-xp 00000000 08:08 5377696                    /lib/x86_64-linux-gnu/libnss_nis-2.15.so
7f6d97dfe000-7f6d97ffe000 ---p 0000a000 08:08 5377696                    /lib/x86_64-linux-gnu/libnss_nis-2.15.so
7f6d97ffe000-7f6d97fff000 r--p 0000a000 08:08 5377696                    /lib/x86_64-linux-gnu/libnss_nis-2.15.so
7f6d97fff000-7f6d98000000 rw-p 0000b000 08:08 5377696                    /lib/x86_64-linux-gnu/libnss_nis-2.15.so
7f6d98000000-7f6d982e5000 rw-p 00000000 00:00 0 
7f6d982e5000-7f6d9c000000 ---p 00000000 00:00 0 
7f6d9c025000-7f6d9c03c000 r-xp 00000000 08:08 5377686                    /lib/x86_64-linux-gnu/libnsl-2.15.so
7f6d9c03c000-7f6d9c23b000 ---p 00017000 08:08 5377686                    /lib/x86_64-linux-gnu/libnsl-2.15.so
7f6d9c23b000-7f6d9c23c000 r--p 00016000 08:08 5377686                    /lib/x86_64-linux-gnu/libnsl-2.15.so
7f6d9c23c000-7f6d9c23d000 rw-p 00017000 08:08 5377686                    /lib/x86_64-linux-gnu/libnsl-2.15.so
7f6d9c23d000-7f6d9c23f000 rw-p 00000000 00:00 0 
7f6d9c23f000-7f6d9c247000 r-xp 00000000 08:08 5377688                    /lib/x86_64-linux-gnu/libnss_compat-2.15.so
7f6d9c247000-7f6d9c446000 ---p 00008000 08:08 5377688                    /lib/x86_64-linux-gnu/libnss_compat-2.15.so
7f6d9c446000-7f6d9c447000 r--p 00007000 08:08 5377688                    /lib/x86_64-linux-gnu/libnss_compat-2.15.so
7f6d9c447000-7f6d9c448000 rw-p 00008000 08:08 5377688                    /lib/x86_64-linux-gnu/libnss_compat-2.15.so
7f6d9c448000-7f6d9c471000 r-xp 00000000 08:08 1452144                    /usr/lib/jvm/java-7-oracle/jre/lib/amd64/libjava.so
7f6d9c471000-7f6d9c671000 ---p 00029000 08:08 1452144                    /usr/lib/jvm/java-7-oracle/jre/lib/amd64/libjava.so
7f6d9c671000-7f6d9c673000 rw-p 00029000 08:08 1452144                    /usr/lib/jvm/java-7-oracle/jre/lib/amd64/libjava.so
7f6d9c673000-7f6d9c680000 r-xp 00000000 08:08 1452143                    /usr/lib/jvm/java-7-oracle/jre/lib/amd64/libverify.so
7f6d9c680000-7f6d9c87f000 ---p 0000d000 08:08 1452143                    /usr/lib/jvm/java-7-oracle/jre/lib/amd64/libverify.so
7f6d9c87f000-7f6d9c881000 rw-p 0000c000 08:08 1452143                    /usr/lib/jvm/java-7-oracle/jre/lib/amd64/libverify.so
7f6d9c881000-7f6d9c888000 r-xp 00000000 08:08 5377727                    /lib/x86_64-linux-gnu/librt-2.15.so
7f6d9c888000-7f6d9ca87000 ---p 00007000 08:08 5377727                    /lib/x86_64-linux-gnu/librt-2.15.so
7f6d9ca87000-7f6d9ca88000 r--p 00006000 08:08 5377727                    /lib/x86_64-linux-gnu/librt-2.15.so
7f6d9ca88000-7f6d9ca89000 rw-p 00007000 08:08 5377727                    /lib/x86_64-linux-gnu/librt-2.15.so
7f6d9ca89000-7f6d9cb82000 r-xp 00000000 08:08 5377673                    /lib/x86_64-linux-gnu/libm-2.15.so
7f6d9cb82000-7f6d9cd81000 ---p 000f9000 08:08 5377673                    /lib/x86_64-linux-gnu/libm-2.15.so
7f6d9cd81000-7f6d9cd82000 r--p 000f8000 08:08 5377673                    /lib/x86_64-linux-gnu/libm-2.15.so
7f6d9cd82000-7f6d9cd83000 rw-p 000f9000 08:08 5377673                    /lib/x86_64-linux-gnu/libm-2.15.so
7f6d9cd83000-7f6d9d7ca000 r-xp 00000000 08:08 1452122                    /usr/lib/jvm/java-7-oracle/jre/lib/amd64/server/libjvm.so
7f6d9d7ca000-7f6d9d9c9000 ---p 00a47000 08:08 1452122                    /usr/lib/jvm/java-7-oracle/jre/lib/amd64/server/libjvm.so
7f6d9d9c9000-7f6d9da6c000 rw-p 00a46000 08:08 1452122                    /usr/lib/jvm/java-7-oracle/jre/lib/amd64/server/libjvm.so
7f6d9da6c000-7f6d9daa8000 rw-p 00000000 00:00 0 
7f6d9daa8000-7f6d9dc5b000 r-xp 00000000 08:08 5377641                    /lib/x86_64-linux-gnu/libc-2.15.so
7f6d9dc5b000-7f6d9de5a000 ---p 001b3000 08:08 5377641                    /lib/x86_64-linux-gnu/libc-2.15.so
7f6d9de5a000-7f6d9de5e000 r--p 001b2000 08:08 5377641                    /lib/x86_64-linux-gnu/libc-2.15.so
7f6d9de5e000-7f6d9de60000 rw-p 001b6000 08:08 5377641                    /lib/x86_64-linux-gnu/libc-2.15.so
7f6d9de60000-7f6d9de65000 rw-p 00000000 00:00 0 
7f6d9de65000-7f6d9de67000 r-xp 00000000 08:08 5377654                    /lib/x86_64-linux-gnu/libdl-2.15.so
7f6d9de67000-7f6d9e067000 ---p 00002000 08:08 5377654                    /lib/x86_64-linux-gnu/libdl-2.15.so
7f6d9e067000-7f6d9e068000 r--p 00002000 08:08 5377654                    /lib/x86_64-linux-gnu/libdl-2.15.so
7f6d9e068000-7f6d9e069000 rw-p 00003000 08:08 5377654                    /lib/x86_64-linux-gnu/libdl-2.15.so
7f6d9e069000-7f6d9e07f000 r-xp 00000000 08:08 1452113                    /usr/lib/jvm/java-7-oracle/jre/lib/amd64/jli/libjli.so
7f6d9e07f000-7f6d9e27e000 ---p 00016000 08:08 1452113                    /usr/lib/jvm/java-7-oracle/jre/lib/amd64/jli/libjli.so
7f6d9e27e000-7f6d9e27f000 rw-p 00015000 08:08 1452113                    /usr/lib/jvm/java-7-oracle/jre/lib/amd64/jli/libjli.so
7f6d9e27f000-7f6d9e297000 r-xp 00000000 08:08 5377721                    /lib/x86_64-linux-gnu/libpthread-2.15.so
7f6d9e297000-7f6d9e496000 ---p 00018000 08:08 5377721                    /lib/x86_64-linux-gnu/libpthread-2.15.so
7f6d9e496000-7f6d9e497000 r--p 00017000 08:08 5377721                    /lib/x86_64-linux-gnu/libpthread-2.15.so
7f6d9e497000-7f6d9e498000 rw-p 00018000 08:08 5377721                    /lib/x86_64-linux-gnu/libpthread-2.15.so
7f6d9e498000-7f6d9e49c000 rw-p 00000000 00:00 0 
7f6d9e49c000-7f6d9e4be000 r-xp 00000000 08:08 5377621                    /lib/x86_64-linux-gnu/ld-2.15.so
7f6d9e4c4000-7f6d9e4cb000 r--s 00000000 08:08 1183188                    /usr/lib/x86_64-linux-gnu/gconv/gconv-modules.cache
7f6d9e4cb000-7f6d9e4cf000 r--s 00027000 08:08 4993828                    /home/trung/EngineResearchTeam/libgdx/backends/gdx-backend-lwjgl/libs/lwjgl_util.jar
7f6d9e4cf000-7f6d9e4dc000 r--s 000dd000 08:08 6041142                    /home/trung/EngineResearchTeam/libgdx/backends/gdx-openal/libs/lwjgl-debug.jar
7f6d9e4dc000-7f6d9e4e6000 rw-p 00000000 00:00 0 
7f6d9e4e6000-7f6d9e59c000 rw-p 00000000 00:00 0 
7f6d9e59c000-7f6d9e59f000 ---p 00000000 00:00 0 
7f6d9e59f000-7f6d9e6a1000 rw-p 00000000 00:00 0 
7f6d9e6a4000-7f6d9e6a6000 r--s 00011000 08:08 6041139                    /home/trung/EngineResearchTeam/libgdx/backends/gdx-openal/libs/jlayer-1.0.1-libgdx.jar
7f6d9e6a6000-7f6d9e6a8000 r--s 0000e000 08:08 6041141                    /home/trung/EngineResearchTeam/libgdx/backends/gdx-openal/libs/jorbis.jar
7f6d9e6a8000-7f6d9e6a9000 r--s 00169000 08:08 4993827                    /home/trung/EngineResearchTeam/libgdx/backends/gdx-backend-lwjgl/libs/gdx-backend-lwjgl-natives.jar
7f6d9e6a9000-7f6d9e6aa000 r--s 00127000 08:08 4213831                    /home/trung/EngineResearchTeam/libgdx/gdx/libs/gdx-natives.jar
7f6d9e6aa000-7f6d9e6ab000 r--s 000d5000 08:08 6744                       /home/trung/EngineResearchTeam/libgdx/extensions/gdx-image/libs/gdx-image-natives.jar
7f6d9e6ab000-7f6d9e6af000 r--s 0003b000 08:08 5914977                    /home/trung/EngineResearchTeam/libgdx/extensions/gdx-jnigen/libs/javaparser-1.0.8.jar
7f6d9e6af000-7f6d9e6b2000 r--s 0000b000 08:08 4071846                    /home/trung/EngineResearchTeam/libgdx-easy/EasyGEngine/libs/tween-engine-api.jar
7f6d9e6b2000-7f6d9e6ba000 rw-s 00000000 08:08 2762466                    /tmp/hsperfdata_trung/3105
7f6d9e6ba000-7f6d9e6bb000 rw-p 00000000 00:00 0 
7f6d9e6bb000-7f6d9e6bc000 r--p 00000000 00:00 0 
7f6d9e6bc000-7f6d9e6be000 rw-p 00000000 00:00 0 
7f6d9e6be000-7f6d9e6bf000 r--p 00022000 08:08 5377621                    /lib/x86_64-linux-gnu/ld-2.15.so
7f6d9e6bf000-7f6d9e6c1000 rw-p 00023000 08:08 5377621                    /lib/x86_64-linux-gnu/ld-2.15.so
7ffffdfe6000-7ffffe007000 rw-p 00000000 00:00 0                          [stack]
7ffffe047000-7ffffe048000 r-xp 00000000 00:00 0                          [vdso]
ffffffffff600000-ffffffffff601000 r-xp 00000000 00:00 0                  [vsyscall]

VM Arguments:
jvm_args: -Dfile.encoding=UTF-8 
java_command: org.ege.mathjazz.GLMatrixLogicTest
Launcher Type: SUN_STANDARD

Environment Variables:
PATH=/home/trung/android-sdk-linux/platform-tools/adb:/home/trung/bin:/home/trung/android-sdk-linux/tools/etc1tool:/home/trung/bin:/home/trung/android-sdk-linux/tools/emulator:/home/trung/bin:/home/trung/android-sdk-linux/tools/android:/home/trung/bin:/home/trung/android-ndk-r8/ndk-build:/home/trung/bin:/home/trung/android-ndk-r8/ndk-build:/home/trung/bin:/usr/lib/lightdm/lightdm:/usr/local/sbin:/usr/local/bin:/usr/sbin:/usr/bin:/sbin:/bin:/usr/games
SHELL=/bin/bash
DISPLAY=:0.0

Signal Handlers:
SIGSEGV: [libjvm.so+0x8a5a80], sa_mask[0]=0x7ffbfeff, sa_flags=0x10000004
SIGBUS: [libjvm.so+0x8a5a80], sa_mask[0]=0x7ffbfeff, sa_flags=0x10000004
SIGFPE: [libjvm.so+0x741b60], sa_mask[0]=0x7ffbfeff, sa_flags=0x10000004
SIGPIPE: [libjvm.so+0x741b60], sa_mask[0]=0x7ffbfeff, sa_flags=0x10000004
SIGXFSZ: [libjvm.so+0x741b60], sa_mask[0]=0x7ffbfeff, sa_flags=0x10000004
SIGILL: [libjvm.so+0x741b60], sa_mask[0]=0x7ffbfeff, sa_flags=0x10000004
SIGUSR1: SIG_DFL, sa_mask[0]=0x00000000, sa_flags=0x00000000
SIGUSR2: [libjvm.so+0x7414b0], sa_mask[0]=0x00000004, sa_flags=0x10000004
SIGHUP: [libjvm.so+0x743840], sa_mask[0]=0x7ffbfeff, sa_flags=0x10000004
SIGINT: [libjvm.so+0x743840], sa_mask[0]=0x7ffbfeff, sa_flags=0x10000004
SIGTERM: [libjvm.so+0x743840], sa_mask[0]=0x7ffbfeff, sa_flags=0x10000004
SIGQUIT: [libjvm.so+0x743840], sa_mask[0]=0x7ffbfeff, sa_flags=0x10000004


---------------  S Y S T E M  ---------------

OS:wheezy/sid

uname:Linux 3.2.0-29-generic #46-Ubuntu SMP Fri Jul 27 17:03:23 UTC 2012 x86_64
libc:glibc 2.15 NPTL 2.15 
rlimit: STACK 8192k, CORE 0k, NPROC 29824, NOFILE 4096, AS infinity
load average:0.49 0.96 1.05

/proc/meminfo:
MemTotal:        3835112 kB
MemFree:         1720480 kB
Buffers:          162280 kB
Cached:           822088 kB
SwapCached:            0 kB
Active:          1185348 kB
Inactive:         731016 kB
Active(anon):     939960 kB
Inactive(anon):   115752 kB
Active(file):     245388 kB
Inactive(file):   615264 kB
Unevictable:          76 kB
Mlocked:              76 kB
SwapTotal:       3976188 kB
SwapFree:        3976188 kB
Dirty:                64 kB
Writeback:           440 kB
AnonPages:        932384 kB
Mapped:           159600 kB
Shmem:            123500 kB
Slab:              98032 kB
SReclaimable:      52372 kB
SUnreclaim:        45660 kB
KernelStack:        3136 kB
PageTables:        26616 kB
NFS_Unstable:          0 kB
Bounce:                0 kB
WritebackTmp:          0 kB
CommitLimit:     5893744 kB
Committed_AS:    2709764 kB
VmallocTotal:   34359738367 kB
VmallocUsed:      602176 kB
VmallocChunk:   34359129156 kB
HardwareCorrupted:     0 kB
AnonHugePages:         0 kB
HugePages_Total:       0
HugePages_Free:        0
HugePages_Rsvd:        0
HugePages_Surp:        0
Hugepagesize:       2048 kB
DirectMap4k:       54152 kB
DirectMap2M:     3923968 kB


CPU:total 4 (2 cores per cpu, 2 threads per core) family 6 model 37 stepping 2, cmov, cx8, fxsr, mmx, sse, sse2, sse3, ssse3, sse4.1, sse4.2, popcnt, ht, tsc, tscinvbit

/proc/cpuinfo:
processor	: 0
vendor_id	: GenuineIntel
cpu family	: 6
model		: 37
model name	: Intel(R) Core(TM) i5 CPU       M 520  @ 2.40GHz
stepping	: 2
microcode	: 0xc
cpu MHz		: 1199.000
cache size	: 3072 KB
physical id	: 0
siblings	: 4
core id		: 0
cpu cores	: 2
apicid		: 0
initial apicid	: 0
fpu		: yes
fpu_exception	: yes
cpuid level	: 11
wp		: yes
flags		: fpu vme de pse tsc msr pae mce cx8 apic sep mtrr pge mca cmov pat pse36 clflush dts acpi mmx fxsr sse sse2 ss ht tm pbe syscall nx rdtscp lm constant_tsc arch_perfmon pebs bts rep_good nopl xtopology nonstop_tsc aperfmperf pni dtes64 monitor ds_cpl vmx smx est tm2 ssse3 cx16 xtpr pdcm sse4_1 sse4_2 popcnt lahf_lm ida arat dtherm tpr_shadow vnmi flexpriority ept vpid
bogomips	: 4787.98
clflush size	: 64
cache_alignment	: 64
address sizes	: 36 bits physical, 48 bits virtual
power management:

processor	: 1
vendor_id	: GenuineIntel
cpu family	: 6
model		: 37
model name	: Intel(R) Core(TM) i5 CPU       M 520  @ 2.40GHz
stepping	: 2
microcode	: 0xc
cpu MHz		: 1199.000
cache size	: 3072 KB
physical id	: 0
siblings	: 4
core id		: 2
cpu cores	: 2
apicid		: 4
initial apicid	: 4
fpu		: yes
fpu_exception	: yes
cpuid level	: 11
wp		: yes
flags		: fpu vme de pse tsc msr pae mce cx8 apic sep mtrr pge mca cmov pat pse36 clflush dts acpi mmx fxsr sse sse2 ss ht tm pbe syscall nx rdtscp lm constant_tsc arch_perfmon pebs bts rep_good nopl xtopology nonstop_tsc aperfmperf pni dtes64 monitor ds_cpl vmx smx est tm2 ssse3 cx16 xtpr pdcm sse4_1 sse4_2 popcnt lahf_lm ida arat dtherm tpr_shadow vnmi flexpriority ept vpid
bogomips	: 4787.93
clflush size	: 64
cache_alignment	: 64
address sizes	: 36 bits physical, 48 bits virtual
power management:

processor	: 2
vendor_id	: GenuineIntel
cpu family	: 6
model		: 37
model name	: Intel(R) Core(TM) i5 CPU       M 520  @ 2.40GHz
stepping	: 2
microcode	: 0xc
cpu MHz		: 1199.000
cache size	: 3072 KB
physical id	: 0
siblings	: 4
core id		: 0
cpu cores	: 2
apicid		: 1
initial apicid	: 1
fpu		: yes
fpu_exception	: yes
cpuid level	: 11
wp		: yes
flags		: fpu vme de pse tsc msr pae mce cx8 apic sep mtrr pge mca cmov pat pse36 clflush dts acpi mmx fxsr sse sse2 ss ht tm pbe syscall nx rdtscp lm constant_tsc arch_perfmon pebs bts rep_good nopl xtopology nonstop_tsc aperfmperf pni dtes64 monitor ds_cpl vmx smx est tm2 ssse3 cx16 xtpr pdcm sse4_1 sse4_2 popcnt lahf_lm ida arat dtherm tpr_shadow vnmi flexpriority ept vpid
bogomips	: 4787.92
clflush size	: 64
cache_alignment	: 64
address sizes	: 36 bits physical, 48 bits virtual
power management:

processor	: 3
vendor_id	: GenuineIntel
cpu family	: 6
model		: 37
model name	: Intel(R) Core(TM) i5 CPU       M 520  @ 2.40GHz
stepping	: 2
microcode	: 0xc
cpu MHz		: 2400.000
cache size	: 3072 KB
physical id	: 0
siblings	: 4
core id		: 2
cpu cores	: 2
apicid		: 5
initial apicid	: 5
fpu		: yes
fpu_exception	: yes
cpuid level	: 11
wp		: yes
flags		: fpu vme de pse tsc msr pae mce cx8 apic sep mtrr pge mca cmov pat pse36 clflush dts acpi mmx fxsr sse sse2 ss ht tm pbe syscall nx rdtscp lm constant_tsc arch_perfmon pebs bts rep_good nopl xtopology nonstop_tsc aperfmperf pni dtes64 monitor ds_cpl vmx smx est tm2 ssse3 cx16 xtpr pdcm sse4_1 sse4_2 popcnt lahf_lm ida arat dtherm tpr_shadow vnmi flexpriority ept vpid
bogomips	: 4787.93
clflush size	: 64
cache_alignment	: 64
address sizes	: 36 bits physical, 48 bits virtual
power management:



Memory: 4k page, physical 3835112k(1720480k free), swap 3976188k(3976188k free)

vm_info: Java HotSpot(TM) 64-Bit Server VM (23.2-b09) for linux-amd64 JRE (1.7.0_06-b24), built on Aug  9 2012 19:49:48 by "java_re" with gcc 4.3.0 20080428 (Red Hat 4.3.0-8)

time: Fri Aug 24 23:31:17 2012
elapsed time: 0 seconds

